<?xml version="1.0" encoding="UTF-8"?>
<!-- Generated by org.testng.reporters.JUnitReportReporter -->
<testsuite hostname="madhu-PC" failures="0" tests="4" name="Streams1" time="0.055" errors="0" timestamp="2023-02-26T13:25:06 IST" skipped="0">
  <testcase classname="Streams1" name="streamCollect" time="0.008"/>
  <system-out/>
  <testcase classname="Streams1" name="streamFilter" time="0.008"/>
  <system-out/>
  <testcase classname="Streams1" name="streamsMap" time="0.013"/>
  <system-out/>
  <testcase classname="Streams1" name="regular" time="0.026"/>
  <system-out/>
</testsuite> <!-- Streams1 -->
