<?xml version="1.0" encoding="UTF-8"?>
<!-- Generated by org.testng.reporters.JUnitReportReporter -->
<testsuite hostname="madhu-PC" failures="0" tests="2" name="sec_16_TestNG.day_1" time="0.034" errors="0" timestamp="2023-03-04T16:41:08 IST" skipped="0">
  <testcase classname="sec_16_TestNG.day_1" name="demo1" time="0.031"/>
  <system-out/>
  <testcase classname="sec_16_TestNG.day_1" name="personalLoanCar" time="0.003"/>
  <system-out/>
</testsuite> <!-- sec_16_TestNG.day_1 -->
