<?xml version="1.0" encoding="UTF-8"?>
<!-- Generated by org.testng.reporters.JUnitReportReporter -->
<testsuite hostname="madhu-PC" failures="0" tests="2" name="sec_16_TestNG.day_2" time="0.006" errors="0" timestamp="2023-03-04T16:41:08 IST" skipped="0">
  <testcase classname="sec_16_TestNG.day_2" name="personalLoanHome" time="0.003"/>
  <system-out/>
  <testcase classname="sec_16_TestNG.day_2" name="personalLoanCash" time="0.003"/>
  <system-out/>
</testsuite> <!-- sec_16_TestNG.day_2 -->
