<?xml version="1.0" encoding="UTF-8"?>
<!-- Generated by org.testng.reporters.JUnitReportReporter -->
<testsuite hostname="madhu-PC" failures="0" tests="1" name="PS1" time="0.037" errors="0" timestamp="2023-03-17T14:14:03 IST" skipped="0">
  <testcase classname="PS1" name="testmthd" time="0.037"/>
  <system-out/>
</testsuite> <!-- PS1 -->
