<?xml version="1.0" encoding="UTF-8"?>
<!-- Generated by org.testng.reporters.JUnitReportReporter -->
<testsuite hostname="madhu-PC" failures="0" tests="3" name="DataDrivenExcelDataProv.ExcelDataProvider.FromExcelToDataProv" time="0.055" errors="0" timestamp="2023-08-28T15:41:48 IST" skipped="0">
  <testcase classname="DataDrivenExcelDataProv.ExcelDataProvider.FromExcelToDataProv" name="testCaseData" time="0.048"/>
  <system-out/>
  <testcase classname="DataDrivenExcelDataProv.ExcelDataProvider.FromExcelToDataProv" name="testCaseData" time="0.003"/>
  <system-out/>
  <testcase classname="DataDrivenExcelDataProv.ExcelDataProvider.FromExcelToDataProv" name="testCaseData" time="0.004"/>
  <system-out/>
</testsuite> <!-- DataDrivenExcelDataProv.ExcelDataProvider.FromExcelToDataProv -->
