<?xml version="1.0" encoding="UTF-8"?>
<!-- Generated by org.testng.reporters.JUnitReportReporter -->
<testsuite hostname="madhu-PC" failures="0" tests="1" name="DataDrivenExcelDataProv.ExcelDataProvider.Excel" time="1.288" errors="0" timestamp="2023-09-04T16:12:07 IST" skipped="0">
  <testcase classname="DataDrivenExcelDataProv.ExcelDataProvider.Excel" name="getExcel" time="1.288"/>
  <system-out/>
</testsuite> <!-- DataDrivenExcelDataProv.ExcelDataProvider.Excel -->
