<?xml version="1.0" encoding="UTF-8"?>
<!-- Generated by org.testng.reporters.JUnitReportReporter -->
<testsuite hostname="madhu-PC" failures="0" tests="1" name="LearningMaven.SeleniumTest" time="0.002" errors="0" timestamp="2024-01-23T18:23:27 IST" skipped="0">
  <testcase classname="LearningMaven.SeleniumTest" name="BrowserAutomation" time="0.002"/>
  <system-out/>
</testsuite> <!-- LearningMaven.SeleniumTest -->
