<?xml version="1.0" encoding="UTF-8"?>
<!-- Generated by org.testng.reporters.JUnitReportReporter -->
<testsuite hostname="madhu-PC" failures="0" tests="2" name="LearningMaven.RestAPITest" time="0.008" errors="0" timestamp="2024-01-23T18:23:27 IST" skipped="0">
  <testcase classname="LearningMaven.RestAPITest" name="RestApiTest1" time="0.006"/>
  <system-out/>
  <testcase classname="LearningMaven.RestAPITest" name="RestApiTest2" time="0.002"/>
  <system-out/>
</testsuite> <!-- LearningMaven.RestAPITest -->
