<?xml version="1.0" encoding="UTF-8"?>
<!-- Generated by org.testng.reporters.JUnitReportReporter -->
<testsuite hostname="madhu-PC" failures="0" tests="2" name="LearningMaven.AppiumTest" time="0.007" errors="0" timestamp="2024-01-23T18:20:42 IST" skipped="0">
  <testcase classname="LearningMaven.AppiumTest" name="AndroidAppTest" time="0.006"/>
  <system-out/>
  <testcase classname="LearningMaven.AppiumTest" name="IOSAppTest" time="0.001"/>
  <system-out/>
</testsuite> <!-- LearningMaven.AppiumTest -->
