<?xml version="1.0" encoding="UTF-8"?>
<!-- Generated by org.testng.reporters.JUnitReportReporter -->
<testsuite hostname="madhu-PC" failures="0" tests="4" name="sec_16_TestNG.class_2" time="0.035" errors="0" timestamp="2023-03-11T17:57:15 IST" skipped="1">
  <testcase classname="sec_16_TestNG.class_2" name="personalLoanCash" time="0.003"/>
  <system-out/>
  <testcase classname="sec_16_TestNG.class_2" name="personalLoanHome" time="0.005"/>
  <system-out/>
  <testcase classname="sec_16_TestNG.class_2" name="MobileMtd1" time="0.027"/>
  <system-out/>
  <testcase classname="sec_16_TestNG.class_2" name="MobileMtd2">
    <skipped/>
  </testcase> <!-- MobileMtd2 -->
  <system-out/>
</testsuite> <!-- sec_16_TestNG.class_2 -->
