<?xml version="1.0" encoding="UTF-8"?>
<!-- Generated by org.testng.reporters.JUnitReportReporter -->
<testsuite hostname="madhu-PC" failures="0" tests="1" name="MavenProjectReportsDemo.ExtentReports.ExtentReportDemo" time="28.309" errors="0" timestamp="2023-06-12T17:29:17 IST" skipped="0">
  <testcase classname="MavenProjectReportsDemo.ExtentReports.ExtentReportDemo" name="initialDemo" time="28.309"/>
  <system-out/>
</testsuite> <!-- MavenProjectReportsDemo.ExtentReports.ExtentReportDemo -->
