<?xml version="1.0" encoding="UTF-8"?>
<!-- Generated by org.testng.reporters.JUnitReportReporter -->
<testsuite hostname="madhu-PC" failures="0" tests="1" name="sec_16_TestNG.class_1" time="0.021" errors="0" timestamp="2023-03-11T17:57:15 IST" skipped="0">
  <testcase classname="sec_16_TestNG.class_1" name="demo1" time="0.021"/>
  <system-out/>
</testsuite> <!-- sec_16_TestNG.class_1 -->
