<?xml version="1.0" encoding="UTF-8"?>
<!-- Generated by org.testng.reporters.JUnitReportReporter -->
<testsuite hostname="madhu-PC" failures="0" tests="2" name="section_16_TestNG_Framework.day_1" time="0.043" errors="0" timestamp="2023-03-04T12:14:08 IST" skipped="0">
  <testcase classname="section_16_TestNG_Framework.day_1" name="demo1" time="0.006"/>
  <system-out/>
  <testcase classname="section_16_TestNG_Framework.day_1" name="demo" time="0.037"/>
  <system-out/>
</testsuite> <!-- section_16_TestNG_Framework.day_1 -->
