<?xml version="1.0" encoding="UTF-8"?>
<!-- Generated by org.testng.reporters.JUnitReportReporter -->
<testsuite hostname="madhu-PC" failures="0" tests="1" name="RSATest" time="28.730" errors="0" timestamp="2023-09-13T16:11:55 IST" skipped="0">
  <testcase classname="RSATest" name="HomePageTest" time="28.730"/>
  <system-out/>
</testsuite> <!-- RSATest -->
